<?xml version="1.0" encoding="UTF-8"?>
<!-- Generated by org.testng.reporters.JUnitXMLReporter -->
<testsuite ignored="1" hostname="DESKTOP-8R51UBR" failures="0" tests="1" name="Default test" time="3.62" errors="0" timestamp="2025-01-28T09:31:42 IST">
  <testcase classname="com.api.tests.UserManagementTest" name="updateSingleUser" time="3.571"/>
  <testcase classname="com.api.tests.UserManagementTest" name="getSingleUser" time="0.0">
    <ignored/>
  </testcase> <!-- getSingleUser -->
</testsuite> <!-- Default test -->
