<?xml version="1.0" encoding="UTF-8"?>
<!-- Generated by org.testng.reporters.JUnitXMLReporter -->
<testsuite ignored="1" hostname="DESKTOP-8R51UBR" failures="0" tests="1" name="Default test" time="3.775" errors="0" timestamp="2025-01-27T07:30:30 IST">
  <testcase classname="com.api.tests.RegisterTest" name="testUserRegistration" time="3.727"/>
  <testcase classname="com.api.tests.RegisterTest" name="testUserInvalidRegistration" time="0.0">
    <ignored/>
  </testcase> <!-- testUserInvalidRegistration -->
</testsuite> <!-- Default test -->
