<?xml version="1.0" encoding="UTF-8"?>
<!-- Generated by org.testng.reporters.JUnitXMLReporter -->
<testsuite ignored="0" hostname="DESKTOP-8R51UBR" failures="1" tests="7" name="Test" time="10.427" errors="0" timestamp="2025-02-02T08:06:40 IST">
  <testcase classname="com.api.tests.LoginTest" name="testInvalidUserLogin" time="6.69">
    <failure type="java.lang.AssertionError" message="Error message mismatch! expected [Missing password] but found [user not found]">
      <![CDATA[java.lang.AssertionError: Error message mismatch! expected [Missing password] but found [user not found]
at com.api.tests.LoginTest.testInvalidUserLogin(LoginTest.java:43)
at java.base/java.util.ArrayList.forEach(ArrayList.java:1596)
... Removed 30 stack frames]]>
    </failure>
  </testcase> <!-- testInvalidUserLogin -->
  <testcase classname="com.api.tests.LoginTest" name="testUserLogin" time="0.757"/>
  <testcase classname="com.api.tests.RegisterTest" name="testUserInvalidRegistration" time="0.475"/>
  <testcase classname="com.api.tests.RegisterTest" name="testUserRegistration" time="0.473"/>
  <testcase classname="com.api.tests.UserManagementTest" name="deleteSingleUser" time="0.457"/>
  <testcase classname="com.api.tests.UserManagementTest" name="getSingleUser" time="0.194"/>
  <testcase classname="com.api.tests.UserManagementTest" name="updateSingleUser" time="0.405"/>
</testsuite> <!-- Test -->
