<?xml version="1.0" encoding="UTF-8"?>
<!-- Generated by org.testng.reporters.JUnitXMLReporter -->
<testsuite ignored="0" hostname="DESKTOP-8R51UBR" failures="1" tests="6" name="Test" time="8.252" errors="0" timestamp="2025-01-28T10:19:00 IST">
  <testcase classname="com.api.tests.LoginTest" name="testInvalidUserLogin" time="4.058">
    <failure type="java.lang.AssertionError" message="Error message mismatch! expected [Missing password] but found [user not found]">
      <![CDATA[java.lang.AssertionError: Error message mismatch! expected [Missing password] but found [user not found]
at com.api.tests.LoginTest.testInvalidUserLogin(LoginTest.java:40)
at java.base/java.util.ArrayList.forEach(ArrayList.java:1596)
... Removed 30 stack frames]]>
    </failure>
  </testcase> <!-- testInvalidUserLogin -->
  <testcase classname="com.api.tests.LoginTest" name="testUserLogin" time="0.866"/>
  <testcase classname="com.api.tests.RegisterTest" name="testUserInvalidRegistration" time="0.896"/>
  <testcase classname="com.api.tests.RegisterTest" name="testUserRegistration" time="0.822"/>
  <testcase classname="com.api.tests.UserManagementTest" name="getSingleUser" time="0.519"/>
  <testcase classname="com.api.tests.UserManagementTest" name="updateSingleUser" time="0.62"/>
</testsuite> <!-- Test -->
